[2024-12-10T15:31:12.994+0900] {processor.py:186} INFO - Started process (PID=1760378) to work on /home/jake/workspace/customize/Airflow/.venv/lib/python3.8/site-packages/airflow/example_dags/example_xcomargs.py
[2024-12-10T15:31:12.996+0900] {processor.py:914} INFO - Processing file /home/jake/workspace/customize/Airflow/.venv/lib/python3.8/site-packages/airflow/example_dags/example_xcomargs.py for tasks to queue
[2024-12-10T15:31:12.998+0900] {logging_mixin.py:190} INFO - [2024-12-10T15:31:12.998+0900] {dagbag.py:588} INFO - Filling up the DagBag from /home/jake/workspace/customize/Airflow/.venv/lib/python3.8/site-packages/airflow/example_dags/example_xcomargs.py
[2024-12-10T15:31:13.016+0900] {processor.py:925} INFO - DAG(s) 'example_xcom_args', 'example_xcom_args_with_operators' retrieved from /home/jake/workspace/customize/Airflow/.venv/lib/python3.8/site-packages/airflow/example_dags/example_xcomargs.py
[2024-12-10T15:31:13.110+0900] {logging_mixin.py:190} INFO - [2024-12-10T15:31:13.109+0900] {override.py:1901} INFO - Created Permission View: can delete on DAG:example_xcom_args
[2024-12-10T15:31:13.120+0900] {logging_mixin.py:190} INFO - [2024-12-10T15:31:13.119+0900] {override.py:1901} INFO - Created Permission View: can read on DAG:example_xcom_args
[2024-12-10T15:31:13.126+0900] {logging_mixin.py:190} INFO - [2024-12-10T15:31:13.126+0900] {override.py:1901} INFO - Created Permission View: can edit on DAG:example_xcom_args
[2024-12-10T15:31:13.135+0900] {logging_mixin.py:190} INFO - [2024-12-10T15:31:13.135+0900] {override.py:1901} INFO - Created Permission View: can create on DAG Run:example_xcom_args
[2024-12-10T15:31:13.142+0900] {logging_mixin.py:190} INFO - [2024-12-10T15:31:13.141+0900] {override.py:1901} INFO - Created Permission View: menu access on DAG Run:example_xcom_args
[2024-12-10T15:31:13.149+0900] {logging_mixin.py:190} INFO - [2024-12-10T15:31:13.148+0900] {override.py:1901} INFO - Created Permission View: can delete on DAG Run:example_xcom_args
[2024-12-10T15:31:13.160+0900] {logging_mixin.py:190} INFO - [2024-12-10T15:31:13.159+0900] {override.py:1901} INFO - Created Permission View: can read on DAG Run:example_xcom_args
[2024-12-10T15:31:13.176+0900] {logging_mixin.py:190} INFO - [2024-12-10T15:31:13.176+0900] {override.py:1901} INFO - Created Permission View: can delete on DAG:example_xcom_args_with_operators
[2024-12-10T15:31:13.184+0900] {logging_mixin.py:190} INFO - [2024-12-10T15:31:13.183+0900] {override.py:1901} INFO - Created Permission View: can read on DAG:example_xcom_args_with_operators
[2024-12-10T15:31:13.191+0900] {logging_mixin.py:190} INFO - [2024-12-10T15:31:13.190+0900] {override.py:1901} INFO - Created Permission View: can edit on DAG:example_xcom_args_with_operators
[2024-12-10T15:31:13.200+0900] {logging_mixin.py:190} INFO - [2024-12-10T15:31:13.199+0900] {override.py:1901} INFO - Created Permission View: can create on DAG Run:example_xcom_args_with_operators
[2024-12-10T15:31:13.206+0900] {logging_mixin.py:190} INFO - [2024-12-10T15:31:13.206+0900] {override.py:1901} INFO - Created Permission View: menu access on DAG Run:example_xcom_args_with_operators
[2024-12-10T15:31:13.213+0900] {logging_mixin.py:190} INFO - [2024-12-10T15:31:13.212+0900] {override.py:1901} INFO - Created Permission View: can delete on DAG Run:example_xcom_args_with_operators
[2024-12-10T15:31:13.219+0900] {logging_mixin.py:190} INFO - [2024-12-10T15:31:13.219+0900] {override.py:1901} INFO - Created Permission View: can read on DAG Run:example_xcom_args_with_operators
[2024-12-10T15:31:13.219+0900] {logging_mixin.py:190} INFO - [2024-12-10T15:31:13.219+0900] {dag.py:3239} INFO - Sync 2 DAGs
[2024-12-10T15:31:13.231+0900] {logging_mixin.py:190} INFO - [2024-12-10T15:31:13.230+0900] {dag.py:3262} INFO - Creating ORM DAG for example_xcom_args
[2024-12-10T15:31:13.231+0900] {logging_mixin.py:190} INFO - [2024-12-10T15:31:13.231+0900] {dag.py:3262} INFO - Creating ORM DAG for example_xcom_args_with_operators
[2024-12-10T15:31:13.232+0900] {logging_mixin.py:190} INFO - [2024-12-10T15:31:13.232+0900] {dag.py:4180} INFO - Setting next_dagrun for example_xcom_args to None, run_after=None
[2024-12-10T15:31:13.232+0900] {logging_mixin.py:190} INFO - [2024-12-10T15:31:13.232+0900] {dag.py:4180} INFO - Setting next_dagrun for example_xcom_args_with_operators to None, run_after=None
[2024-12-10T15:31:13.248+0900] {processor.py:208} INFO - Processing /home/jake/workspace/customize/Airflow/.venv/lib/python3.8/site-packages/airflow/example_dags/example_xcomargs.py took 0.266 seconds
